[15-Feb-2019 16:41:33] NOTICE: fpm is running, pid 16
[15-Feb-2019 16:41:33] NOTICE: ready to handle connections
[15-Feb-2019 16:46:46] NOTICE: Terminating ...
[15-Feb-2019 16:46:46] NOTICE: exiting, bye-bye!
[15-Feb-2019 16:49:40] NOTICE: fpm is running, pid 54
[15-Feb-2019 16:49:40] NOTICE: ready to handle connections
[22-Mar-2019 13:09:13] NOTICE: fpm is running, pid 70
[22-Mar-2019 13:09:13] NOTICE: ready to handle connections
[22-Mar-2019 13:10:13] NOTICE: Terminating ...
[22-Mar-2019 13:10:13] NOTICE: exiting, bye-bye!
[22-Mar-2019 13:10:38] NOTICE: fpm is running, pid 52
[22-Mar-2019 13:10:38] NOTICE: ready to handle connections
[22-Mar-2019 16:41:51] NOTICE: Terminating ...
[22-Mar-2019 16:41:51] NOTICE: exiting, bye-bye!
[25-Mar-2019 13:37:48] NOTICE: fpm is running, pid 68
[25-Mar-2019 13:37:48] NOTICE: ready to handle connections
[29-Mar-2019 00:45:09] NOTICE: fpm is running, pid 69
[29-Mar-2019 00:45:09] NOTICE: ready to handle connections
[03-Apr-2019 21:05:47] NOTICE: fpm is running, pid 66
[03-Apr-2019 21:05:47] NOTICE: ready to handle connections
[03-Apr-2019 23:33:05] NOTICE: Terminating ...
[03-Apr-2019 23:33:05] NOTICE: exiting, bye-bye!
