2019-04-08T15:17:30.338824Z 0 [Warning] TIMESTAMP with implicit DEFAULT value is deprecated. Please use --explicit_defaults_for_timestamp server option (see documentation for more details).
2019-04-08T15:17:31.348811Z 0 [Note] /usr/sbin/mysqld (mysqld 5.7.23) starting as process 29 ...
2019-04-08T15:17:33.431017Z 0 [Note] InnoDB: PUNCH HOLE support available
2019-04-08T15:17:33.431200Z 0 [Note] InnoDB: Mutexes and rw_locks use GCC atomic builtins
2019-04-08T15:17:33.431319Z 0 [Note] InnoDB: Uses event mutexes
2019-04-08T15:17:33.431425Z 0 [Note] InnoDB: GCC builtin __atomic_thread_fence() is used for memory barrier
2019-04-08T15:17:33.431543Z 0 [Note] InnoDB: Compressed tables use zlib 1.2.3
2019-04-08T15:17:33.431682Z 0 [Note] InnoDB: Using Linux native AIO
2019-04-08T15:17:33.596184Z 0 [Note] InnoDB: Number of pools: 1
2019-04-08T15:17:33.888826Z 0 [Note] InnoDB: Using CPU crc32 instructions
2019-04-08T15:17:33.943879Z 0 [Note] InnoDB: Initializing buffer pool, total size = 32M, instances = 1, chunk size = 32M
2019-04-08T15:17:33.998174Z 0 [Note] InnoDB: Completed initialization of buffer pool
2019-04-08T15:17:34.032687Z 0 [Note] InnoDB: If the mysqld execution user is authorized, page cleaner thread priority can be changed. See the man page of setpriority().
2019-04-08T15:17:34.818465Z 0 [Note] InnoDB: Highest supported file format is Barracuda.
2019-04-08T15:17:35.193230Z 0 [Note] InnoDB: Log scan progressed past the checkpoint lsn 2588963
2019-04-08T15:17:35.193428Z 0 [Note] InnoDB: Doing recovery: scanned up to log sequence number 2591784
2019-04-08T15:17:35.332928Z 0 [Note] InnoDB: Database was not shutdown normally!
2019-04-08T15:17:35.333154Z 0 [Note] InnoDB: Starting crash recovery.
2019-04-08T15:17:39.919759Z 0 [Note] InnoDB: Starting an apply batch of log records to the database...
InnoDB: Progress in percent: 27 28 29 30 31 32 33 34 35 36 37 38 39 40 41 42 43 44 45 46 47 48 49 50 51 52 53 54 55 56 57 58 59 60 61 62 63 64 65 66 67 68 69 70 71 72 73 74 75 76 77 78 79 80 81 82 83 84 85 86 87 88 89 90 91 92 93 94 95 96 97 98 99 
2019-04-08T15:17:39.967726Z 0 [Note] InnoDB: Apply batch completed
2019-04-08T15:17:40.585416Z 0 [Note] InnoDB: Removed temporary tablespace data file: "ibtmp1"
2019-04-08T15:17:40.585638Z 0 [Note] InnoDB: Creating shared tablespace for temporary tables
2019-04-08T15:17:40.585956Z 0 [Note] InnoDB: Setting file './ibtmp1' size to 12 MB. Physically writing the file full; Please wait ...
2019-04-08T15:17:40.691003Z 0 [Note] InnoDB: File './ibtmp1' size is now 12 MB.
2019-04-08T15:17:40.694859Z 0 [Note] InnoDB: 96 redo rollback segment(s) found. 96 redo rollback segment(s) are active.
2019-04-08T15:17:40.695070Z 0 [Note] InnoDB: 32 non-redo rollback segment(s) are active.
2019-04-08T15:17:40.698525Z 0 [Note] InnoDB: Waiting for purge to start
2019-04-08T15:17:40.754685Z 0 [Note] InnoDB: 5.7.23 started; log sequence number 2591784
2019-04-08T15:17:40.754761Z 0 [Note] InnoDB: page_cleaner: 1000ms intended loop took 6722ms. The settings might not be optimal. (flushed=0 and evicted=0, during the time.)
2019-04-08T15:17:40.764891Z 0 [Note] InnoDB: Loading buffer pool(s) from /var/lib/mysql/ib_buffer_pool
2019-04-08T15:17:40.772806Z 0 [Note] Plugin 'FEDERATED' is disabled.
2019-04-08T15:17:40.984215Z 0 [Note] InnoDB: Buffer pool(s) load completed at 190408 15:17:40
2019-04-08T15:17:41.045985Z 0 [Warning] Failed to set up SSL because of the following SSL library error: SSL context is not usable without certificate and private key
2019-04-08T15:17:41.046145Z 0 [Note] Server hostname (bind-address): '*'; port: 3306
2019-04-08T15:17:41.054334Z 0 [Note] IPv6 is available.
2019-04-08T15:17:41.056187Z 0 [Note]   - '::' resolves to '::';
2019-04-08T15:17:41.056290Z 0 [Note] Server socket created on IP: '::'.
2019-04-08T15:17:41.104170Z 0 [Warning] Insecure configuration for --pid-file: Location '/var/run/mysqld' in the path is accessible to all OS users. Consider choosing a different directory.
2019-04-08T15:17:41.138055Z 0 [ERROR] /usr/sbin/mysqld: Table './mysql/user' is marked as crashed and should be repaired
2019-04-08T15:17:41.138554Z 0 [Warning] Checking table:   './mysql/user'
2019-04-08T15:17:41.138667Z 0 [ERROR] 1 client is using or hasn't closed the table properly
2019-04-08T15:17:41.141257Z 0 [Warning] 'user' entry 'root@localhost' ignored in --skip-name-resolve mode.
2019-04-08T15:17:41.141398Z 0 [Warning] 'user' entry 'mysql.session@localhost' ignored in --skip-name-resolve mode.
2019-04-08T15:17:41.141500Z 0 [Warning] 'user' entry 'mysql.sys@localhost' ignored in --skip-name-resolve mode.
2019-04-08T15:17:41.154358Z 0 [Warning] 'db' entry 'performance_schema mysql.session@localhost' ignored in --skip-name-resolve mode.
2019-04-08T15:17:41.154503Z 0 [Warning] 'db' entry 'sys mysql.sys@localhost' ignored in --skip-name-resolve mode.
2019-04-08T15:17:41.154914Z 0 [Warning] 'proxies_priv' entry '@ root@localhost' ignored in --skip-name-resolve mode.
2019-04-08T15:17:41.175640Z 0 [Warning] 'tables_priv' entry 'user mysql.session@localhost' ignored in --skip-name-resolve mode.
2019-04-08T15:17:41.175766Z 0 [Warning] 'tables_priv' entry 'sys_config mysql.sys@localhost' ignored in --skip-name-resolve mode.
2019-04-08T15:17:41.267693Z 0 [Note] Event Scheduler: Loaded 0 events
2019-04-08T15:17:41.270416Z 0 [Note] /usr/sbin/mysqld: ready for connections.
Version: '5.7.23'  socket: '/var/run/mysqld/mysqld.sock'  port: 3306  MySQL Community Server (GPL)
2019-04-08T15:18:39.721341Z 4 [ERROR] /usr/sbin/mysqld: Table './mysql/proc' is marked as crashed and should be repaired
2019-04-08T15:18:39.721636Z 4 [Warning] Checking table:   './mysql/proc'
2019-04-08T15:18:39.751851Z 6 [Warning] 'user' entry 'root@localhost' ignored in --skip-name-resolve mode.
2019-04-08T15:18:39.752032Z 6 [Warning] 'user' entry 'mysql.session@localhost' ignored in --skip-name-resolve mode.
2019-04-08T15:18:39.752157Z 6 [Warning] 'user' entry 'mysql.sys@localhost' ignored in --skip-name-resolve mode.
2019-04-08T15:18:39.752265Z 6 [Warning] 'db' entry 'performance_schema mysql.session@localhost' ignored in --skip-name-resolve mode.
2019-04-08T15:18:39.752350Z 6 [Warning] 'db' entry 'sys mysql.sys@localhost' ignored in --skip-name-resolve mode.
2019-04-08T15:18:39.752513Z 6 [Warning] 'proxies_priv' entry '@ root@localhost' ignored in --skip-name-resolve mode.
2019-04-08T15:18:39.752833Z 6 [Warning] 'tables_priv' entry 'user mysql.session@localhost' ignored in --skip-name-resolve mode.
2019-04-08T15:18:39.752957Z 6 [Warning] 'tables_priv' entry 'sys_config mysql.sys@localhost' ignored in --skip-name-resolve mode.
2019-04-08T16:54:14.593288Z 0 [Note] Giving 0 client threads a chance to die gracefully
2019-04-08T16:54:14.593501Z 0 [Note] Shutting down slave threads
2019-04-08T16:54:14.593599Z 0 [Note] Forcefully disconnecting 0 remaining clients
2019-04-08T16:54:14.593755Z 0 [Note] Event Scheduler: Purging the queue. 0 events
2019-04-08T16:54:14.685598Z 0 [Note] Binlog end
2019-04-08T16:54:14.687006Z 0 [Note] Shutting down plugin 'ngram'
2019-04-08T16:54:14.687567Z 0 [Note] Shutting down plugin 'partition'
2019-04-08T16:54:14.687671Z 0 [Note] Shutting down plugin 'BLACKHOLE'
2019-04-08T16:54:14.687776Z 0 [Note] Shutting down plugin 'ARCHIVE'
2019-04-08T16:54:14.687888Z 0 [Note] Shutting down plugin 'PERFORMANCE_SCHEMA'
2019-04-08T16:54:14.688704Z 0 [Note] Shutting down plugin 'MRG_MYISAM'
2019-04-08T16:54:14.688848Z 0 [Note] Shutting down plugin 'MyISAM'
2019-04-08T16:54:14.689602Z 0 [Note] Shutting down plugin 'INNODB_SYS_VIRTUAL'
2019-04-08T16:54:14.689891Z 0 [Note] Shutting down plugin 'INNODB_SYS_DATAFILES'
2019-04-08T16:54:14.690868Z 0 [Note] Shutting down plugin 'INNODB_SYS_TABLESPACES'
2019-04-08T16:54:14.691843Z 0 [Note] Shutting down plugin 'INNODB_SYS_FOREIGN_COLS'
2019-04-08T16:54:14.692449Z 0 [Note] Shutting down plugin 'INNODB_SYS_FOREIGN'
2019-04-08T16:54:14.692826Z 0 [Note] Shutting down plugin 'INNODB_SYS_FIELDS'
2019-04-08T16:54:14.693799Z 0 [Note] Shutting down plugin 'INNODB_SYS_COLUMNS'
2019-04-08T16:54:14.694372Z 0 [Note] Shutting down plugin 'INNODB_SYS_INDEXES'
2019-04-08T16:54:14.694771Z 0 [Note] Shutting down plugin 'INNODB_SYS_TABLESTATS'
2019-04-08T16:54:14.695746Z 0 [Note] Shutting down plugin 'INNODB_SYS_TABLES'
2019-04-08T16:54:14.696738Z 0 [Note] Shutting down plugin 'INNODB_FT_INDEX_TABLE'
2019-04-08T16:54:14.697700Z 0 [Note] Shutting down plugin 'INNODB_FT_INDEX_CACHE'
2019-04-08T16:54:14.698675Z 0 [Note] Shutting down plugin 'INNODB_FT_CONFIG'
2019-04-08T16:54:14.699508Z 0 [Note] Shutting down plugin 'INNODB_FT_BEING_DELETED'
2019-04-08T16:54:14.699663Z 0 [Note] Shutting down plugin 'INNODB_FT_DELETED'
2019-04-08T16:54:14.700813Z 0 [Note] Shutting down plugin 'INNODB_FT_DEFAULT_STOPWORD'
2019-04-08T16:54:14.701666Z 0 [Note] Shutting down plugin 'INNODB_METRICS'
2019-04-08T16:54:14.701824Z 0 [Note] Shutting down plugin 'INNODB_TEMP_TABLE_INFO'
2019-04-08T16:54:14.701924Z 0 [Note] Shutting down plugin 'INNODB_BUFFER_POOL_STATS'
2019-04-08T16:54:14.702014Z 0 [Note] Shutting down plugin 'INNODB_BUFFER_PAGE_LRU'
2019-04-08T16:54:14.702123Z 0 [Note] Shutting down plugin 'INNODB_BUFFER_PAGE'
2019-04-08T16:54:14.702223Z 0 [Note] Shutting down plugin 'INNODB_CMP_PER_INDEX_RESET'
2019-04-08T16:54:14.702872Z 0 [Note] Shutting down plugin 'INNODB_CMP_PER_INDEX'
2019-04-08T16:54:14.703692Z 0 [Note] Shutting down plugin 'INNODB_CMPMEM_RESET'
2019-04-08T16:54:14.703843Z 0 [Note] Shutting down plugin 'INNODB_CMPMEM'
2019-04-08T16:54:14.704569Z 0 [Note] Shutting down plugin 'INNODB_CMP_RESET'
2019-04-08T16:54:14.705735Z 0 [Note] Shutting down plugin 'INNODB_CMP'
2019-04-08T16:54:14.706566Z 0 [Note] Shutting down plugin 'INNODB_LOCK_WAITS'
2019-04-08T16:54:14.707503Z 0 [Note] Shutting down plugin 'INNODB_LOCKS'
2019-04-08T16:54:14.708180Z 0 [Note] Shutting down plugin 'INNODB_TRX'
2019-04-08T16:54:14.708439Z 0 [Note] Shutting down plugin 'InnoDB'
2019-04-08T16:54:14.709075Z 0 [Note] InnoDB: FTS optimize thread exiting.
2019-04-08T16:54:14.709651Z 0 [Note] InnoDB: Starting shutdown...
2019-04-08T16:54:14.810618Z 0 [Note] InnoDB: Dumping buffer pool(s) to /var/lib/mysql/ib_buffer_pool
2019-04-08T16:54:14.811122Z 0 [Note] InnoDB: Buffer pool(s) dump completed at 190408 16:54:14
2019-04-08T16:54:16.124391Z 0 [Note] InnoDB: Shutdown completed; log sequence number 4165102
2019-04-08T16:54:16.128864Z 0 [Note] InnoDB: Removed temporary tablespace data file: "ibtmp1"
2019-04-08T16:54:16.129205Z 0 [Note] Shutting down plugin 'MEMORY'
2019-04-08T16:54:16.129594Z 0 [Note] Shutting down plugin 'CSV'
2019-04-08T16:54:16.129994Z 0 [Note] Shutting down plugin 'sha256_password'
2019-04-08T16:54:16.130273Z 0 [Note] Shutting down plugin 'mysql_native_password'
2019-04-08T16:54:16.130924Z 0 [Note] Shutting down plugin 'binlog'
2019-04-08T16:54:16.132958Z 0 [Note] /usr/sbin/mysqld: Shutdown complete

2019-04-09T15:48:38.979317Z 0 [Warning] TIMESTAMP with implicit DEFAULT value is deprecated. Please use --explicit_defaults_for_timestamp server option (see documentation for more details).
2019-04-09T15:48:39.022181Z 0 [Note] /usr/sbin/mysqld (mysqld 5.7.23) starting as process 86 ...
2019-04-09T15:48:39.261643Z 0 [Note] InnoDB: PUNCH HOLE support available
2019-04-09T15:48:39.262320Z 0 [Note] InnoDB: Mutexes and rw_locks use GCC atomic builtins
2019-04-09T15:48:39.262725Z 0 [Note] InnoDB: Uses event mutexes
2019-04-09T15:48:39.263734Z 0 [Note] InnoDB: GCC builtin __atomic_thread_fence() is used for memory barrier
2019-04-09T15:48:39.263835Z 0 [Note] InnoDB: Compressed tables use zlib 1.2.3
2019-04-09T15:48:39.264024Z 0 [Note] InnoDB: Using Linux native AIO
2019-04-09T15:48:39.276318Z 0 [Note] InnoDB: Number of pools: 1
2019-04-09T15:48:39.280760Z 0 [Note] InnoDB: Using CPU crc32 instructions
2019-04-09T15:48:39.296438Z 0 [Note] InnoDB: Initializing buffer pool, total size = 32M, instances = 1, chunk size = 32M
2019-04-09T15:48:39.323005Z 0 [Note] InnoDB: Completed initialization of buffer pool
2019-04-09T15:48:39.332639Z 0 [Note] InnoDB: If the mysqld execution user is authorized, page cleaner thread priority can be changed. See the man page of setpriority().
2019-04-09T15:48:39.381710Z 0 [Note] InnoDB: Highest supported file format is Barracuda.
2019-04-09T15:48:39.681949Z 0 [Note] InnoDB: Creating shared tablespace for temporary tables
2019-04-09T15:48:39.682635Z 0 [Note] InnoDB: Setting file './ibtmp1' size to 12 MB. Physically writing the file full; Please wait ...
2019-04-09T15:48:39.799888Z 0 [Note] InnoDB: File './ibtmp1' size is now 12 MB.
2019-04-09T15:48:39.801594Z 0 [Note] InnoDB: 96 redo rollback segment(s) found. 96 redo rollback segment(s) are active.
2019-04-09T15:48:39.801751Z 0 [Note] InnoDB: 32 non-redo rollback segment(s) are active.
2019-04-09T15:48:39.804162Z 0 [Note] InnoDB: Waiting for purge to start
2019-04-09T15:48:39.854962Z 0 [Note] InnoDB: 5.7.23 started; log sequence number 4165102
2019-04-09T15:48:39.858538Z 0 [Note] InnoDB: Loading buffer pool(s) from /var/lib/mysql/ib_buffer_pool
2019-04-09T15:48:39.902859Z 0 [Note] Plugin 'FEDERATED' is disabled.
2019-04-09T15:48:40.357077Z 0 [Warning] Failed to set up SSL because of the following SSL library error: SSL context is not usable without certificate and private key
2019-04-09T15:48:40.357345Z 0 [Note] Server hostname (bind-address): '*'; port: 3306
2019-04-09T15:48:40.373196Z 0 [Note] IPv6 is available.
2019-04-09T15:48:40.386292Z 0 [Note]   - '::' resolves to '::';
2019-04-09T15:48:40.386764Z 0 [Note] Server socket created on IP: '::'.
2019-04-09T15:48:40.435335Z 0 [Warning] Insecure configuration for --pid-file: Location '/var/run/mysqld' in the path is accessible to all OS users. Consider choosing a different directory.
2019-04-09T15:48:40.441245Z 0 [Note] InnoDB: Buffer pool(s) load completed at 190409 15:48:40
2019-04-09T15:48:40.696047Z 0 [Warning] 'user' entry 'root@localhost' ignored in --skip-name-resolve mode.
2019-04-09T15:48:40.696307Z 0 [Warning] 'user' entry 'mysql.session@localhost' ignored in --skip-name-resolve mode.
2019-04-09T15:48:40.696493Z 0 [Warning] 'user' entry 'mysql.sys@localhost' ignored in --skip-name-resolve mode.
2019-04-09T15:48:40.741220Z 0 [Warning] 'db' entry 'performance_schema mysql.session@localhost' ignored in --skip-name-resolve mode.
2019-04-09T15:48:40.741419Z 0 [Warning] 'db' entry 'sys mysql.sys@localhost' ignored in --skip-name-resolve mode.
2019-04-09T15:48:40.751797Z 0 [Warning] 'proxies_priv' entry '@ root@localhost' ignored in --skip-name-resolve mode.
2019-04-09T15:48:41.351722Z 0 [Warning] 'tables_priv' entry 'user mysql.session@localhost' ignored in --skip-name-resolve mode.
2019-04-09T15:48:41.351866Z 0 [Warning] 'tables_priv' entry 'sys_config mysql.sys@localhost' ignored in --skip-name-resolve mode.
2019-04-09T15:48:42.230441Z 0 [Note] Event Scheduler: Loaded 0 events
2019-04-09T15:48:42.230920Z 0 [Note] /usr/sbin/mysqld: ready for connections.
Version: '5.7.23'  socket: '/var/run/mysqld/mysqld.sock'  port: 3306  MySQL Community Server (GPL)
